[INFO] Scanning for projects...
[WARNING] 
[WARNING] Some problems were encountered while building the effective model for com.example:task-manager:jar:0.0.1-SNAPSHOT
[WARNING] 'build.plugins.plugin.version' for org.springframework.boot:spring-boot-maven-plugin is missing. @ line 74, column 15
[WARNING] 
[WARNING] It is highly recommended to fix these problems because they threaten the stability of your build.
[WARNING] 
[WARNING] For this reason, future Maven versions might no longer support building such malformed projects.
[WARNING] 
[INFO] 
[INFO] ----------------------< com.example:task-manager >----------------------
[INFO] Building task-manager 0.0.1-SNAPSHOT
[INFO]   from pom.xml
[INFO] --------------------------------[ jar ]---------------------------------
[INFO] 
[INFO] >>> spring-boot:4.0.0-M3:run (default-cli) > test-compile @ task-manager >>>
[INFO] 
[INFO] --- resources:3.3.1:resources (default-resources) @ task-manager ---
[INFO] Copying 2 resources from src\main\resources to target\classes
[INFO] 
[INFO] --- compiler:3.11.0:compile (default-compile) @ task-manager ---
[INFO] Nothing to compile - all classes are up to date
[INFO] 
[INFO] --- resources:3.3.1:testResources (default-testResources) @ task-manager ---
[INFO] skip non existing resourceDirectory C:\Users\khada\Desktop\task-manager\src\test\resources
[INFO] 
[INFO] --- compiler:3.11.0:testCompile (default-testCompile) @ task-manager ---
[INFO] No sources to compile
[INFO] 
[INFO] <<< spring-boot:4.0.0-M3:run (default-cli) < test-compile @ task-manager <<<
[INFO] 
[INFO] 
[INFO] --- spring-boot:4.0.0-M3:run (default-cli) @ task-manager ---
[INFO] Attaching agents: []

  .   ____          _            __ _ _
 /\\ / ___'_ __ _ _(_)_ __  __ _ \ \ \ \
( ( )\___ | '_ | '_| | '_ \/ _` | \ \ \ \
 \\/  ___)| |_)| | | | | || (_| |  ) ) ) )
  '  |____| .__|_| |_|_| |_\__, | / / / /
 =========|_|==============|___/=/_/_/_/
 :: Spring Boot ::                (v3.2.0)

2025-10-18 21:58:38 - Starting TaskManagerApplication using Java 20.0.2 with PID 18524 (C:\Users\khada\Desktop\task-manager\target\classes started by khada in C:\Users\khada\Desktop\task-manager)
2025-10-18 21:58:38 - No active profile set, falling back to 1 default profile: "default"
2025-10-18 21:58:38 - Bootstrapping Spring Data MongoDB repositories in DEFAULT mode.
2025-10-18 21:58:38 - Finished Spring Data repository scanning in 25 ms. Found 1 MongoDB repository interface.
2025-10-18 21:58:38 - Tomcat initialized with port 8080 (http)
2025-10-18 21:58:38 - Initializing ProtocolHandler ["http-nio-8080"]
2025-10-18 21:58:38 - Starting service [Tomcat]
2025-10-18 21:58:38 - Starting Servlet engine: [Apache Tomcat/10.1.16]
2025-10-18 21:58:38 - Initializing Spring embedded WebApplicationContext
2025-10-18 21:58:38 - Root WebApplicationContext: initialization completed in 640 ms
2025-10-18 21:58:39 - MongoClient with metadata {"driver": {"name": "mongo-java-driver|sync|spring-boot", "version": "4.11.1"}, "os": {"type": "Windows", "name": "Windows 11", "architecture": "amd64", "version": "10.0"}, "platform": "Java/Oracle Corporation/20.0.2+9-78"} created with settings MongoClientSettings{readPreference=primary, writeConcern=WriteConcern{w=majority, wTimeout=null ms, journal=null}, retryWrites=true, retryReads=true, readConcern=ReadConcern{level=null}, credential=MongoCredential{mechanism=null, userName='abdulkhadar0248_db_user', source='admin', password=<hidden>, mechanismProperties=<hidden>}, transportSettings=null, streamFactoryFactory=null, commandListeners=[], codecRegistry=ProvidersCodecRegistry{codecProviders=[ValueCodecProvider{}, BsonValueCodecProvider{}, DBRefCodecProvider{}, DBObjectCodecProvider{}, DocumentCodecProvider{}, CollectionCodecProvider{}, IterableCodecProvider{}, MapCodecProvider{}, GeoJsonCodecProvider{}, GridFSFileCodecProvider{}, Jsr310CodecProvider{}, JsonObjectCodecProvider{}, BsonCodecProvider{}, EnumCodecProvider{}, com.mongodb.client.model.mql.ExpressionCodecProvider@d675f9f, com.mongodb.Jep395RecordCodecProvider@58af5076, com.mongodb.KotlinCodecProvider@49469ffa]}, loggerSettings=LoggerSettings{maxDocumentLength=1000}, clusterSettings={hosts=[127.0.0.1:27017], srvHost=kaiburr.sgookef.mongodb.net, srvServiceName=mongodb, mode=MULTIPLE, requiredClusterType=REPLICA_SET, requiredReplicaSetName='atlas-scc2z9-shard-0', serverSelector='null', clusterListeners='[]', serverSelectionTimeout='30000 ms', localThreshold='15 ms'}, socketSettings=SocketSettings{connectTimeoutMS=10000, readTimeoutMS=0, receiveBufferSize=0, proxySettings=ProxySettings{host=null, port=null, username=null, password=null}}, heartbeatSocketSettings=SocketSettings{connectTimeoutMS=10000, readTimeoutMS=10000, receiveBufferSize=0, proxySettings=ProxySettings{host=null, port=null, username=null, password=null}}, connectionPoolSettings=ConnectionPoolSettings{maxSize=100, minSize=0, maxWaitTimeMS=120000, maxConnectionLifeTimeMS=0, maxConnectionIdleTimeMS=0, maintenanceInitialDelayMS=0, maintenanceFrequencyMS=60000, connectionPoolListeners=[], maxConnecting=2}, serverSettings=ServerSettings{heartbeatFrequencyMS=10000, minHeartbeatFrequencyMS=500, serverListeners='[]', serverMonitorListeners='[]'}, sslSettings=SslSettings{enabled=true, invalidHostNameAllowed=false, context=null}, applicationName='null', compressorList=[], uuidRepresentation=JAVA_LEGACY, serverApi=null, autoEncryptionSettings=null, dnsClient=null, inetAddressResolver=null, contextProvider=null}
2025-10-18 21:58:39 - 7 mappings in 'requestMappingHandlerMapping'
2025-10-18 21:58:39 - Patterns [/webjars/**, /**] in 'resourceHandlerMapping'
2025-10-18 21:58:39 - ControllerAdvice beans: 0 @ModelAttribute, 0 @InitBinder, 1 RequestBodyAdvice, 1 ResponseBodyAdvice
2025-10-18 21:58:39 - ControllerAdvice beans: 0 @ExceptionHandler, 1 ResponseBodyAdvice
2025-10-18 21:58:39 - Starting ProtocolHandler ["http-nio-8080"]
2025-10-18 21:58:39 - Tomcat started on port 8080 (http) with context path ''
2025-10-18 21:58:39 - Started TaskManagerApplication in 1.471 seconds (process running for 1.735)
2025-10-18 21:58:41 - Adding discovered server ac-kpbkp0o-shard-00-02.sgookef.mongodb.net:27017 to client view of cluster
2025-10-18 21:58:41 - Adding discovered server ac-kpbkp0o-shard-00-01.sgookef.mongodb.net:27017 to client view of cluster
2025-10-18 21:58:41 - Adding discovered server ac-kpbkp0o-shard-00-00.sgookef.mongodb.net:27017 to client view of cluster
2025-10-18 21:58:42 - Monitor thread successfully connected to server with description ServerDescription{address=ac-kpbkp0o-shard-00-00.sgookef.mongodb.net:27017, type=REPLICA_SET_SECONDARY, state=CONNECTED, ok=true, minWireVersion=0, maxWireVersion=25, maxDocumentSize=16777216, logicalSessionTimeoutMinutes=30, roundTripTimeNanos=726168700, setName='atlas-scc2z9-shard-0', canonicalAddress=ac-kpbkp0o-shard-00-00.sgookef.mongodb.net:27017, hosts=[ac-kpbkp0o-shard-00-01.sgookef.mongodb.net:27017, ac-kpbkp0o-shard-00-00.sgookef.mongodb.net:27017, ac-kpbkp0o-shard-00-02.sgookef.mongodb.net:27017], passives=[], arbiters=[], primary='ac-kpbkp0o-shard-00-02.sgookef.mongodb.net:27017', tagSet=TagSet{[Tag{name='availabilityZone', value='aps1-az1'}, Tag{name='diskState', value='READY'}, Tag{name='nodeType', value='ELECTABLE'}, Tag{name='provider', value='AWS'}, Tag{name='region', value='AP_SOUTH_1'}, Tag{name='workloadType', value='OPERATIONAL'}]}, electionId=null, setVersion=43, topologyVersion=TopologyVersion{processId=68e7c098c9adafe62586eea8, counter=4}, lastWriteDate=Sat Oct 18 21:58:43 IST 2025, lastUpdateTimeNanos=3830051980400}
2025-10-18 21:58:42 - Monitor thread successfully connected to server with description ServerDescription{address=ac-kpbkp0o-shard-00-01.sgookef.mongodb.net:27017, type=REPLICA_SET_SECONDARY, state=CONNECTED, ok=true, minWireVersion=0, maxWireVersion=25, maxDocumentSize=16777216, logicalSessionTimeoutMinutes=30, roundTripTimeNanos=730863800, setName='atlas-scc2z9-shard-0', canonicalAddress=ac-kpbkp0o-shard-00-01.sgookef.mongodb.net:27017, hosts=[ac-kpbkp0o-shard-00-01.sgookef.mongodb.net:27017, ac-kpbkp0o-shard-00-00.sgookef.mongodb.net:27017, ac-kpbkp0o-shard-00-02.sgookef.mongodb.net:27017], passives=[], arbiters=[], primary='ac-kpbkp0o-shard-00-02.sgookef.mongodb.net:27017', tagSet=TagSet{[Tag{name='availabilityZone', value='aps1-az3'}, Tag{name='diskState', value='READY'}, Tag{name='nodeType', value='ELECTABLE'}, Tag{name='provider', value='AWS'}, Tag{name='region', value='AP_SOUTH_1'}, Tag{name='workloadType', value='OPERATIONAL'}]}, electionId=null, setVersion=43, topologyVersion=TopologyVersion{processId=68e7c11c8314487bbb41c212, counter=3}, lastWriteDate=Sat Oct 18 21:58:43 IST 2025, lastUpdateTimeNanos=3830051980400}
2025-10-18 21:58:42 - Monitor thread successfully connected to server with description ServerDescription{address=ac-kpbkp0o-shard-00-02.sgookef.mongodb.net:27017, type=REPLICA_SET_PRIMARY, state=CONNECTED, ok=true, minWireVersion=0, maxWireVersion=25, maxDocumentSize=16777216, logicalSessionTimeoutMinutes=30, roundTripTimeNanos=1222979100, setName='atlas-scc2z9-shard-0', canonicalAddress=ac-kpbkp0o-shard-00-02.sgookef.mongodb.net:27017, hosts=[ac-kpbkp0o-shard-00-01.sgookef.mongodb.net:27017, ac-kpbkp0o-shard-00-00.sgookef.mongodb.net:27017, ac-kpbkp0o-shard-00-02.sgookef.mongodb.net:27017], passives=[], arbiters=[], primary='ac-kpbkp0o-shard-00-02.sgookef.mongodb.net:27017', tagSet=TagSet{[Tag{name='availabilityZone', value='aps1-az2'}, Tag{name='diskState', value='READY'}, Tag{name='nodeType', value='ELECTABLE'}, Tag{name='provider', value='AWS'}, Tag{name='region', value='AP_SOUTH_1'}, Tag{name='workloadType', value='OPERATIONAL'}]}, electionId=7fffffff00000000000000ee, setVersion=43, topologyVersion=TopologyVersion{processId=68e7c0d97bb14625dd23c212, counter=6}, lastWriteDate=Sat Oct 18 21:58:43 IST 2025, lastUpdateTimeNanos=3830548790300}
2025-10-18 21:58:42 - Discovered replica set primary ac-kpbkp0o-shard-00-02.sgookef.mongodb.net:27017 with max election id 7fffffff00000000000000ee and max set version 43
[INFO] ------------------------------------------------------------------------
[INFO] BUILD SUCCESS
[INFO] ------------------------------------------------------------------------
[INFO] Total time:  19:16 min
[INFO] Finished at: 2025-10-18T22:17:52+05:30
[INFO] ------------------------------------------------------------------------
Terminate batch job (Y/N)? 
^C